<?xml version="1.0" encoding="UTF-8"?>
<!-- Generated by org.testng.reporters.JUnitReportReporter -->
<testsuite hostname="LAPTOP-8IPF2VDL" failures="0" tests="1" name="testPackage.Personal_loan" time="0.006" errors="0" timestamp="2021-09-01T19:24:49 IST" skipped="0">
  <testcase classname="testPackage.Personal_loan" name="personal_loan" time="0.006"/>
  <system-out/>
</testsuite> <!-- testPackage.Personal_loan -->
