<?xml version="1.0" encoding="UTF-8"?>
<!-- Generated by org.testng.reporters.JUnitReportReporter -->
<testsuite hostname="LAPTOP-8IPF2VDL" failures="0" tests="1" name="testPackage.MvnTest" time="11.210" errors="0" timestamp="2021-09-07T13:18:22 IST" skipped="0">
  <testcase classname="testPackage.MvnTest" name="test" time="11.210"/>
  <system-out/>
</testsuite> <!-- testPackage.MvnTest -->
