<?xml version="1.0" encoding="UTF-8"?>
<!-- Generated by org.testng.reporters.JUnitReportReporter -->
<testsuite hostname="LAPTOP-8IPF2VDL" failures="0" tests="1" name="testPackage.Home_Loan" time="0.002" errors="0" timestamp="2021-09-01T19:24:49 IST" skipped="0">
  <testcase classname="testPackage.Home_Loan" name="home_Loan" time="0.002"/>
  <system-out/>
</testsuite> <!-- testPackage.Home_Loan -->
